{
  "RSpec": {
    "coverage": {
      "/home/debora/Documentos/RR/vota_pratos/app/controllers/application_controller.rb": [
        1,
        1,
        null
      ],
      "/home/debora/Documentos/RR/vota_pratos/app/helpers/application_helper.rb": [
        1,
        null
      ],
      "/home/debora/Documentos/RR/vota_pratos/app/helpers/eventos_helper.rb": [
        1,
        null
      ],
      "/home/debora/Documentos/RR/vota_pratos/app/controllers/eventos_controller.rb": [
        1,
        1,
        null,
        null,
        null,
        1,
        0,
        null,
        0,
        0,
        0,
        null,
        null,
        null,
        null,
        null,
        1,
        0,
        0,
        0,
        null,
        null,
        null,
        null,
        null,
        1,
        0,
        null,
        0,
        0,
        0,
        null,
        null,
        null,
        null,
        1,
        null,
        null,
        null,
        null,
        1,
        0,
        null,
        0,
        0,
        0,
        0,
        null,
        0,
        0,
        null,
        null,
        null,
        null,
        null,
        null,
        1,
        0,
        0,
        0,
        0,
        null,
        0,
        0,
        null,
        null,
        null,
        null,
        null,
        null,
        1,
        0,
        null,
        0,
        0,
        0,
        null,
        null,
        null,
        1,
        0,
        null,
        null,
        null
      ],
      "/home/debora/Documentos/RR/vota_pratos/app/models/evento.rb": [
        null,
        1,
        1,
        null
      ],
      "/home/debora/Documentos/RR/vota_pratos/app/models/cliente.rb": [
        null,
        1,
        1,
        null,
        1,
        null,
        1,
        1,
        null,
        1,
        null,
        null,
        null,
        null
      ],
      "/home/debora/Documentos/RR/vota_pratos/app/models/prato.rb": [
        null,
        1,
        1,
        null,
        1,
        1,
        null,
        1,
        1,
        null
      ],
      "/home/debora/Documentos/RR/vota_pratos/app/models/qualificacao.rb": [
        null,
        1,
        1,
        null,
        1,
        1,
        null,
        1,
        1,
        null,
        1,
        null,
        null,
        null,
        1,
        null,
        null
      ],
      "/home/debora/Documentos/RR/vota_pratos/app/models/receita.rb": [
        null,
        1,
        1,
        null,
        1,
        null,
        1,
        null
      ],
      "/home/debora/Documentos/RR/vota_pratos/app/models/restaurante.rb": [
        null,
        1,
        1,
        null,
        1,
        1,
        null,
        1,
        null,
        null
      ]
    },
    "timestamp": 1375209537
  }
}
